{
  message: 'Server running in development mode on port 5001',
  level: 'info',
  timestamp: '2023-11-15 03:34:40.503 PM'
}
{
  message: 'Successfully Connected to mongoose 🛢️  ✅',
  level: 'info',
  timestamp: '2023-11-15 03:34:42.760 PM'
}
{
  message: 'Server running in development mode on port 5001',
  level: 'info',
  timestamp: '2023-11-15 03:35:15.355 PM'
}
{
  message: 'Successfully Connected to mongoose 🛢️  ✅',
  level: 'info',
  timestamp: '2023-11-15 03:35:17.779 PM'
}
{
  method: 'GET',
  url: '/ping',
  status: 404,
  content_length: '94',
  response_time: 14.173,
  level: 'http',
  message: 'incoming-request',
  timestamp: '2023-11-15 03:40:37.764 PM'
}
{
  method: 'GET',
  url: '/apingpi/',
  status: 404,
  content_length: '98',
  response_time: 1.038,
  level: 'http',
  message: 'incoming-request',
  timestamp: '2023-11-15 03:40:47.040 PM'
}
{
  method: 'GET',
  url: '/api/ping',
  status: 200,
  content_length: '77',
  response_time: 2.641,
  level: 'http',
  message: 'incoming-request',
  timestamp: '2023-11-15 03:40:51.261 PM'
}
{
  message: 'Server running in development mode on port 5001',
  level: 'info',
  timestamp: '2023-11-15 03:42:09.600 PM'
}
{
  message: 'Successfully Connected to mongoose 🛢️  ✅',
  level: 'info',
  timestamp: '2023-11-15 03:42:11.860 PM'
}
{
  message: 'Server running in development mode on port 5001',
  level: 'info',
  timestamp: '2023-11-15 03:42:14.775 PM'
}
{
  message: 'Successfully Connected to mongoose 🛢️  ✅',
  level: 'info',
  timestamp: '2023-11-15 03:42:17.182 PM'
}
{
  message: 'Server running in development mode on port 5001',
  level: 'info',
  timestamp: '2023-11-15 03:42:20.066 PM'
}
{
  message: 'Successfully Connected to mongoose 🛢️  ✅',
  level: 'info',
  timestamp: '2023-11-15 03:42:22.476 PM'
}
{
  message: 'Server running in development mode on port 5001',
  level: 'info',
  timestamp: '2023-11-15 03:42:39.879 PM'
}
{
  message: 'Server running in development mode on port 5001',
  level: 'info',
  timestamp: '2023-11-15 03:42:42.453 PM'
}
{
  message: 'Successfully Connected to mongoose 🛢️  ✅',
  level: 'info',
  timestamp: '2023-11-15 03:42:44.857 PM'
}
{
  message: 'Server running in development mode on port 5001',
  level: 'info',
  timestamp: '2023-11-15 03:42:52.467 PM'
}
{
  message: 'Successfully Connected to mongoose 🛢️  ✅',
  level: 'info',
  timestamp: '2023-11-15 03:42:54.739 PM'
}
{
  message: 'Server running in development mode on port 5001',
  level: 'info',
  timestamp: '2023-11-15 03:43:02.124 PM'
}
{
  message: 'Server running in development mode on port 5001',
  level: 'info',
  timestamp: '2023-11-15 03:43:04.238 PM'
}
{
  message: 'Server running in development mode on port 5001',
  level: 'info',
  timestamp: '2023-11-15 03:43:07.388 PM'
}
{
  message: 'Successfully Connected to mongoose 🛢️  ✅',
  level: 'info',
  timestamp: '2023-11-15 03:43:09.592 PM'
}
{
  message: 'Server running in development mode on port 5001',
  level: 'info',
  timestamp: '2023-11-15 03:43:25.651 PM'
}
{
  message: 'Successfully Connected to mongoose 🛢️  ✅',
  level: 'info',
  timestamp: '2023-11-15 03:43:27.978 PM'
}
{
  message: 'Server running in development mode on port 5001',
  level: 'info',
  timestamp: '2023-11-15 03:43:32.855 PM'
}
{
  message: 'Successfully Connected to mongoose 🛢️  ✅',
  level: 'info',
  timestamp: '2023-11-15 03:43:35.328 PM'
}
{
  message: 'Server running in development mode on port 5001',
  level: 'info',
  timestamp: '2023-11-15 03:43:37.405 PM'
}
{
  message: 'Successfully Connected to mongoose 🛢️  ✅',
  level: 'info',
  timestamp: '2023-11-15 03:43:39.759 PM'
}
{
  message: 'Server running in development mode on port 5001',
  level: 'info',
  timestamp: '2023-11-15 03:43:46.124 PM'
}
{
  message: 'Server running in development mode on port 5001',
  level: 'info',
  timestamp: '2023-11-15 03:43:49.656 PM'
}
{
  message: 'Successfully Connected to mongoose 🛢️  ✅',
  level: 'info',
  timestamp: '2023-11-15 03:43:52.041 PM'
}
{
  message: 'Server running in development mode on port 5001',
  level: 'info',
  timestamp: '2023-11-15 03:43:54.231 PM'
}
{
  message: 'Server running in development mode on port 5001',
  level: 'info',
  timestamp: '2023-11-15 03:43:57.606 PM'
}
{
  message: 'Server running in development mode on port 5001',
  level: 'info',
  timestamp: '2023-11-15 03:44:01.199 PM'
}
{
  message: 'Successfully Connected to mongoose 🛢️  ✅',
  level: 'info',
  timestamp: '2023-11-15 03:44:03.732 PM'
}
{
  message: 'Server running in development mode on port 5001',
  level: 'info',
  timestamp: '2023-11-15 03:44:08.161 PM'
}
{
  message: 'Successfully Connected to mongoose 🛢️  ✅',
  level: 'info',
  timestamp: '2023-11-15 03:44:10.566 PM'
}
{
  message: 'Server running in development mode on port 5001',
  level: 'info',
  timestamp: '2023-11-15 03:44:12.924 PM'
}
{
  message: 'Successfully Connected to mongoose 🛢️  ✅',
  level: 'info',
  timestamp: '2023-11-15 03:44:15.174 PM'
}
{
  message: 'Server running in development mode on port 5001',
  level: 'info',
  timestamp: '2023-11-15 03:44:17.144 PM'
}
{
  message: 'Successfully Connected to mongoose 🛢️  ✅',
  level: 'info',
  timestamp: '2023-11-15 03:44:19.577 PM'
}
{
  message: 'Server running in development mode on port 5001',
  level: 'info',
  timestamp: '2023-11-15 03:44:21.814 PM'
}
{
  message: 'Server running in development mode on port 5001',
  level: 'info',
  timestamp: '2023-11-15 03:44:25.229 PM'
}
{
  message: 'Server running in development mode on port 5001',
  level: 'info',
  timestamp: '2023-11-15 03:44:26.991 PM'
}
{
  message: 'Server running in development mode on port 5001',
  level: 'info',
  timestamp: '2023-11-15 03:44:29.046 PM'
}
{
  message: 'Server running in development mode on port 5001',
  level: 'info',
  timestamp: '2023-11-15 03:44:30.426 PM'
}
{
  message: 'Successfully Connected to mongoose 🛢️  ✅',
  level: 'info',
  timestamp: '2023-11-15 03:44:32.865 PM'
}
{
  message: 'Server running in development mode on port 5001',
  level: 'info',
  timestamp: '2023-11-15 03:44:35.207 PM'
}
{
  message: 'Server running in development mode on port 5001',
  level: 'info',
  timestamp: '2023-11-15 03:44:38.141 PM'
}
{
  message: 'Server running in development mode on port 5001',
  level: 'info',
  timestamp: '2023-11-15 03:44:39.505 PM'
}
{
  message: 'Successfully Connected to mongoose 🛢️  ✅',
  level: 'info',
  timestamp: '2023-11-15 03:44:41.902 PM'
}
{
  message: 'Server running in development mode on port 5001',
  level: 'info',
  timestamp: '2023-11-15 03:44:44.020 PM'
}
{
  message: 'Successfully Connected to mongoose 🛢️  ✅',
  level: 'info',
  timestamp: '2023-11-15 03:44:46.465 PM'
}
{
  message: 'Server running in development mode on port 5001',
  level: 'info',
  timestamp: '2023-11-15 03:44:48.436 PM'
}
{
  message: 'Server running in development mode on port 5001',
  level: 'info',
  timestamp: '2023-11-15 03:44:51.620 PM'
}
{
  message: 'Server running in development mode on port 5001',
  level: 'info',
  timestamp: '2023-11-15 03:44:54.336 PM'
}
{
  message: 'Server running in development mode on port 5001',
  level: 'info',
  timestamp: '2023-11-15 03:44:56.093 PM'
}
{
  message: 'Server running in development mode on port 5001',
  level: 'info',
  timestamp: '2023-11-15 03:44:59.187 PM'
}
{
  message: 'Server running in development mode on port 5001',
  level: 'info',
  timestamp: '2023-11-15 03:45:01.201 PM'
}
{
  message: 'Server running in development mode on port 5001',
  level: 'info',
  timestamp: '2023-11-15 03:45:02.993 PM'
}
{
  message: 'Server running in development mode on port 5001',
  level: 'info',
  timestamp: '2023-11-15 03:45:04.581 PM'
}
{
  message: 'Server running in development mode on port 5001',
  level: 'info',
  timestamp: '2023-11-15 03:45:06.425 PM'
}
{
  message: 'Server running in development mode on port 5001',
  level: 'info',
  timestamp: '2023-11-15 03:45:08.646 PM'
}
{
  message: 'Server running in development mode on port 5001',
  level: 'info',
  timestamp: '2023-11-15 03:45:10.206 PM'
}
{
  message: 'Successfully Connected to mongoose 🛢️  ✅',
  level: 'info',
  timestamp: '2023-11-15 03:45:12.721 PM'
}
{
  message: 'Server running in development mode on port 5001',
  level: 'info',
  timestamp: '2023-11-15 03:45:14.668 PM'
}
{
  message: 'Successfully Connected to mongoose 🛢️  ✅',
  level: 'info',
  timestamp: '2023-11-15 03:45:17.329 PM'
}
{
  message: 'Server running in development mode on port 5001',
  level: 'info',
  timestamp: '2023-11-15 03:45:21.079 PM'
}
{
  message: 'Server running in development mode on port 5001',
  level: 'info',
  timestamp: '2023-11-15 03:45:22.456 PM'
}
{
  message: 'Server running in development mode on port 5001',
  level: 'info',
  timestamp: '2023-11-15 03:45:25.736 PM'
}
{
  message: 'Server running in development mode on port 5001',
  level: 'info',
  timestamp: '2023-11-15 03:45:27.459 PM'
}
{
  message: 'Server running in development mode on port 5001',
  level: 'info',
  timestamp: '2023-11-15 03:45:29.019 PM'
}
{
  message: 'Server running in development mode on port 5001',
  level: 'info',
  timestamp: '2023-11-15 03:45:31.218 PM'
}
{
  message: 'Server running in development mode on port 5001',
  level: 'info',
  timestamp: '2023-11-15 03:45:32.902 PM'
}
{
  message: 'Server running in development mode on port 5001',
  level: 'info',
  timestamp: '2023-11-15 03:45:34.589 PM'
}
{
  message: 'Server running in development mode on port 5001',
  level: 'info',
  timestamp: '2023-11-15 03:45:36.442 PM'
}
{
  message: 'Successfully Connected to mongoose 🛢️  ✅',
  level: 'info',
  timestamp: '2023-11-15 03:45:38.854 PM'
}
{
  message: 'Server running in development mode on port undefined',
  level: 'info',
  timestamp: '2023-11-15 03:46:47.302 PM'
}
{
  message: '❌ Error: bad auth : Authentication failed.',
  level: 'error',
  timestamp: '2023-11-15 03:46:49.197 PM'
}
{
  message: 'Server running in development mode on port undefined',
  level: 'info',
  timestamp: '2023-11-15 03:47:09.752 PM'
}
{
  message: '❌ Error: bad auth : Authentication failed.',
  level: 'error',
  timestamp: '2023-11-15 03:47:11.623 PM'
}
{
  message: 'Server running in development mode on port undefined',
  level: 'info',
  timestamp: '2023-11-15 03:47:14.272 PM'
}
{
  message: '❌ Error: bad auth : Authentication failed.',
  level: 'error',
  timestamp: '2023-11-15 03:47:16.237 PM'
}
{
  message: 'Server running in development mode on port undefined',
  level: 'info',
  timestamp: '2023-11-15 03:47:28.816 PM'
}
{
  message: 'Server running in development mode on port undefined',
  level: 'info',
  timestamp: '2023-11-15 03:47:30.183 PM'
}
{
  message: '❌ Error: bad auth : Authentication failed.',
  level: 'error',
  timestamp: '2023-11-15 03:47:31.996 PM'
}
{
  message: 'Server running in development mode on port 5001',
  level: 'info',
  timestamp: '2023-11-15 03:47:38.193 PM'
}
{
  message: '❌ Error: bad auth : Authentication failed.',
  level: 'error',
  timestamp: '2023-11-15 03:47:40.126 PM'
}
{
  message: 'Server running in development mode on port 5001',
  level: 'info',
  timestamp: '2023-11-15 03:47:52.298 PM'
}
{
  message: '❌ Error: bad auth : Authentication failed.',
  level: 'error',
  timestamp: '2023-11-15 03:47:54.262 PM'
}
{
  message: 'Server running in development mode on port 5001',
  level: 'info',
  timestamp: '2023-11-15 03:48:18.580 PM'
}
{
  message: '❌ Error: URI contained empty userinfo section',
  level: 'error',
  timestamp: '2023-11-15 03:48:18.591 PM'
}
{
  message: 'Server running in development mode on port 5001',
  level: 'info',
  timestamp: '2023-11-15 03:48:19.983 PM'
}
{
  message: '❌ Error: URI contained empty userinfo section',
  level: 'error',
  timestamp: '2023-11-15 03:48:19.994 PM'
}
{
  message: 'Server running in development mode on port 5001',
  level: 'info',
  timestamp: '2023-11-15 03:48:45.854 PM'
}
{
  message: '❌ Error: URI contained empty userinfo section',
  level: 'error',
  timestamp: '2023-11-15 03:48:45.865 PM'
}
{
  message: 'Server running in development mode on port 5001',
  level: 'info',
  timestamp: '2023-11-15 03:48:48.373 PM'
}
{
  message: 'Successfully Connected to mongoose 🛢️  ✅',
  level: 'info',
  timestamp: '2023-11-15 03:48:50.738 PM'
}
{
  message: 'Server running in development mode on port 5001',
  level: 'info',
  timestamp: '2023-11-15 03:48:55.132 PM'
}
{
  message: 'Server running in development mode on port 5001',
  level: 'info',
  timestamp: '2023-11-15 03:48:58.719 PM'
}
{
  message: 'Successfully Connected to mongoose 🛢️  ✅',
  level: 'info',
  timestamp: '2023-11-15 03:49:00.947 PM'
}
{
  message: 'Server running in development mode on port 5001',
  level: 'info',
  timestamp: '2023-11-15 03:49:04.021 PM'
}
{
  message: 'Successfully Connected to mongoose 🛢️  ✅',
  level: 'info',
  timestamp: '2023-11-15 03:49:06.390 PM'
}
{
  message: 'Server running in development mode on port 5001',
  level: 'info',
  timestamp: '2023-11-15 03:49:47.232 PM'
}
{
  message: 'Successfully Connected to mongoose 🛢️  ✅',
  level: 'info',
  timestamp: '2023-11-15 03:49:49.831 PM'
}
{
  message: 'Server running in development mode on port 5001',
  level: 'info',
  timestamp: '2023-11-15 03:49:56.544 PM'
}
{
  message: 'Server running in development mode on port 5001',
  level: 'info',
  timestamp: '2023-11-15 03:49:58.595 PM'
}
{
  message: 'Successfully Connected to mongoose 🛢️  ✅',
  level: 'info',
  timestamp: '2023-11-15 03:50:01.086 PM'
}
{
  message: 'Server running in development mode on port 5001',
  level: 'info',
  timestamp: '2023-11-15 03:50:04.266 PM'
}
{
  message: 'Successfully Connected to mongoose 🛢️  ✅',
  level: 'info',
  timestamp: '2023-11-15 03:50:06.502 PM'
}
{
  message: 'Server running in development mode on port 5001',
  level: 'info',
  timestamp: '2023-11-15 03:51:17.612 PM'
}
{
  message: 'Successfully Connected to mongoose 🛢️  ✅',
  level: 'info',
  timestamp: '2023-11-15 03:51:19.909 PM'
}
{
  message: 'Server running in development mode on port 5001',
  level: 'info',
  timestamp: '2023-11-15 03:51:26.804 PM'
}
{
  message: 'Successfully Connected to mongoose 🛢️  ✅',
  level: 'info',
  timestamp: '2023-11-15 03:51:29.341 PM'
}
{
  message: 'Server running in development mode on port 5001',
  level: 'info',
  timestamp: '2023-11-15 03:51:31.683 PM'
}
{
  message: 'Server running in development mode on port 5001',
  level: 'info',
  timestamp: '2023-11-15 03:51:33.704 PM'
}
{
  message: 'Server running in development mode on port 5001',
  level: 'info',
  timestamp: '2023-11-15 03:51:35.025 PM'
}
{
  message: 'Successfully Connected to mongoose 🛢️  ✅',
  level: 'info',
  timestamp: '2023-11-15 03:51:37.657 PM'
}
{
  message: 'Server running in development mode on port 5001',
  level: 'info',
  timestamp: '2023-11-15 03:51:50.566 PM'
}
{
  message: 'Successfully Connected to mongoose 🛢️  ✅',
  level: 'info',
  timestamp: '2023-11-15 03:51:53.066 PM'
}
{
  message: 'Server running in development mode on port 5001',
  level: 'info',
  timestamp: '2023-11-15 03:51:59.261 PM'
}
{
  message: 'Server running in development mode on port 5001',
  level: 'info',
  timestamp: '2023-11-15 03:52:00.560 PM'
}
{
  message: 'Successfully Connected to mongoose 🛢️  ✅',
  level: 'info',
  timestamp: '2023-11-15 03:52:03.162 PM'
}
{
  message: 'Server running in development mode on port 5001',
  level: 'info',
  timestamp: '2023-11-15 03:52:14.633 PM'
}
{
  message: 'Successfully Connected to mongoose 🛢️  ✅',
  level: 'info',
  timestamp: '2023-11-15 03:52:16.932 PM'
}
{
  message: 'Server running in development mode on port 5001',
  level: 'info',
  timestamp: '2023-11-15 03:52:20.045 PM'
}
{
  message: 'Server running in development mode on port 5001',
  level: 'info',
  timestamp: '2023-11-15 03:52:22.338 PM'
}
{
  message: 'Server running in development mode on port 5001',
  level: 'info',
  timestamp: '2023-11-15 03:52:24.114 PM'
}
{
  message: 'Server running in development mode on port 5001',
  level: 'info',
  timestamp: '2023-11-15 03:52:25.684 PM'
}
{
  message: 'Successfully Connected to mongoose 🛢️  ✅',
  level: 'info',
  timestamp: '2023-11-15 03:52:27.922 PM'
}
{
  message: 'Server running in development mode on port 5001',
  level: 'info',
  timestamp: '2023-11-15 03:52:34.177 PM'
}
{
  message: 'Successfully Connected to mongoose 🛢️  ✅',
  level: 'info',
  timestamp: '2023-11-15 03:52:36.590 PM'
}
{
  message: 'Server running in development mode on port 5001',
  level: 'info',
  timestamp: '2023-11-15 03:52:37.871 PM'
}
{
  message: 'Server running in development mode on port 5001',
  level: 'info',
  timestamp: '2023-11-15 03:52:39.895 PM'
}
{
  message: 'Server running in development mode on port 5001',
  level: 'info',
  timestamp: '2023-11-15 03:52:42.744 PM'
}
{
  message: 'Server running in development mode on port 5001',
  level: 'info',
  timestamp: '2023-11-15 03:52:45.182 PM'
}
{
  message: 'Server running in development mode on port 5001',
  level: 'info',
  timestamp: '2023-11-15 03:52:47.833 PM'
}
{
  message: 'Successfully Connected to mongoose 🛢️  ✅',
  level: 'info',
  timestamp: '2023-11-15 03:52:50.084 PM'
}
{
  message: 'Server running in development mode on port 5001',
  level: 'info',
  timestamp: '2023-11-15 03:52:51.916 PM'
}
{
  message: 'Successfully Connected to mongoose 🛢️  ✅',
  level: 'info',
  timestamp: '2023-11-15 03:52:54.331 PM'
}
{
  message: 'Server running in development mode on port 5001',
  level: 'info',
  timestamp: '2023-11-15 03:52:56.463 PM'
}
{
  message: 'Successfully Connected to mongoose 🛢️  ✅',
  level: 'info',
  timestamp: '2023-11-15 03:52:58.780 PM'
}
{
  message: 'Server running in development mode on port 5001',
  level: 'info',
  timestamp: '2023-11-15 03:53:01.919 PM'
}
{
  message: 'Server running in development mode on port 5001',
  level: 'info',
  timestamp: '2023-11-15 03:53:03.221 PM'
}
{
  message: 'Server running in development mode on port 5001',
  level: 'info',
  timestamp: '2023-11-15 03:53:05.718 PM'
}
{
  message: 'Successfully Connected to mongoose 🛢️  ✅',
  level: 'info',
  timestamp: '2023-11-15 03:53:07.973 PM'
}
{
  message: 'Server running in development mode on port 5001',
  level: 'info',
  timestamp: '2023-11-15 03:59:10.188 PM'
}
{
  message: 'Successfully Connected to mongoose 🛢️  ✅',
  level: 'info',
  timestamp: '2023-11-15 03:59:12.536 PM'
}
{
  message: 'Server running in development mode on port 5001',
  level: 'info',
  timestamp: '2023-11-15 03:59:47.995 PM'
}
{
  message: 'Successfully Connected to mongoose 🛢️  ✅',
  level: 'info',
  timestamp: '2023-11-15 03:59:50.198 PM'
}
{
  message: 'Server running in development mode on port 5001',
  level: 'info',
  timestamp: '2023-11-15 03:59:53.396 PM'
}
{
  message: 'Successfully Connected to mongoose 🛢️  ✅',
  level: 'info',
  timestamp: '2023-11-15 03:59:55.709 PM'
}
{
  message: 'Server running in development mode on port 5001',
  level: 'info',
  timestamp: '2023-11-15 04:00:00.048 PM'
}
{
  message: 'Successfully Connected to mongoose 🛢️  ✅',
  level: 'info',
  timestamp: '2023-11-15 04:00:02.366 PM'
}
{
  message: 'Server running in development mode on port 5001',
  level: 'info',
  timestamp: '2023-11-15 04:00:33.124 PM'
}
{
  message: 'Successfully Connected to mongoose 🛢️  ✅',
  level: 'info',
  timestamp: '2023-11-15 04:00:35.416 PM'
}
{
  message: 'Server running in development mode on port 5001',
  level: 'info',
  timestamp: '2023-11-15 04:00:37.032 PM'
}
{
  message: 'Successfully Connected to mongoose 🛢️  ✅',
  level: 'info',
  timestamp: '2023-11-15 04:00:39.460 PM'
}
{
  message: 'Server running in development mode on port 5001',
  level: 'info',
  timestamp: '2023-11-15 04:01:11.147 PM'
}
{
  message: 'Server running in development mode on port 5001',
  level: 'info',
  timestamp: '2023-11-15 04:01:13.949 PM'
}
{
  message: 'Successfully Connected to mongoose 🛢️  ✅',
  level: 'info',
  timestamp: '2023-11-15 04:01:16.500 PM'
}
{
  message: 'Server running in development mode on port 5001',
  level: 'info',
  timestamp: '2023-11-15 04:05:57.519 PM'
}
{
  message: 'Successfully Connected to mongoose 🛢️  ✅',
  level: 'info',
  timestamp: '2023-11-15 04:05:59.864 PM'
}
{
  message: 'Server running in development mode on port 5001',
  level: 'info',
  timestamp: '2023-11-15 04:06:34.559 PM'
}
{
  message: 'Server running in development mode on port 5001',
  level: 'info',
  timestamp: '2023-11-15 04:06:43.163 PM'
}
{
  message: 'Server running in development mode on port 5001',
  level: 'info',
  timestamp: '2023-11-15 04:06:46.411 PM'
}
{
  message: 'Server running in development mode on port 5001',
  level: 'info',
  timestamp: '2023-11-15 04:06:52.064 PM'
}
{
  message: 'Server running in development mode on port 5001',
  level: 'info',
  timestamp: '2023-11-15 04:06:53.604 PM'
}
{
  message: 'Successfully Connected to mongoose 🛢️  ✅',
  level: 'info',
  timestamp: '2023-11-15 04:06:55.978 PM'
}
{
  message: 'Server running in development mode on port 5001',
  level: 'info',
  timestamp: '2023-11-15 04:06:57.904 PM'
}
{
  message: 'Successfully Connected to mongoose 🛢️  ✅',
  level: 'info',
  timestamp: '2023-11-15 04:07:00.204 PM'
}
{
  message: 'Server running in development mode on port 5001',
  level: 'info',
  timestamp: '2023-11-15 04:08:06.551 PM'
}
{
  message: 'Successfully Connected to mongoose 🛢️  ✅',
  level: 'info',
  timestamp: '2023-11-15 04:08:08.812 PM'
}
{
  message: 'Server running in development mode on port 5001',
  level: 'info',
  timestamp: '2023-11-15 04:08:14.372 PM'
}
{
  message: 'Successfully Connected to mongoose 🛢️  ✅',
  level: 'info',
  timestamp: '2023-11-15 04:08:16.650 PM'
}
{
  message: 'Server running in development mode on port 5001',
  level: 'info',
  timestamp: '2023-11-15 04:09:00.607 PM'
}
{
  message: 'Successfully Connected to mongoose 🛢️  ✅',
  level: 'info',
  timestamp: '2023-11-15 04:09:03.211 PM'
}
{
  message: 'Server running in development mode on port 5001',
  level: 'info',
  timestamp: '2023-11-15 04:09:08.733 PM'
}
{
  message: 'Successfully Connected to mongoose 🛢️  ✅',
  level: 'info',
  timestamp: '2023-11-15 04:09:11.117 PM'
}
{
  message: 'Server running in development mode on port 5001',
  level: 'info',
  timestamp: '2023-11-15 04:09:19.457 PM'
}
{
  message: 'Successfully Connected to mongoose 🛢️  ✅',
  level: 'info',
  timestamp: '2023-11-15 04:09:21.820 PM'
}
{
  message: 'Server running in development mode on port 5001',
  level: 'info',
  timestamp: '2023-11-15 04:12:45.980 PM'
}
{
  message: 'Successfully Connected to mongoose 🛢️  ✅',
  level: 'info',
  timestamp: '2023-11-15 04:12:48.239 PM'
}
{
  message: 'Server running in development mode on port 5001',
  level: 'info',
  timestamp: '2023-11-15 04:13:05.042 PM'
}
{
  message: 'Successfully Connected to mongoose 🛢️  ✅',
  level: 'info',
  timestamp: '2023-11-15 04:13:07.269 PM'
}
{
  message: 'Server running in development mode on port 5001',
  level: 'info',
  timestamp: '2023-11-15 04:13:17.770 PM'
}
{
  message: 'Successfully Connected to mongoose 🛢️  ✅',
  level: 'info',
  timestamp: '2023-11-15 04:13:20.070 PM'
}
{
  message: 'Server running in development mode on port 5001',
  level: 'info',
  timestamp: '2023-11-15 04:15:39.200 PM'
}
{
  message: 'Successfully Connected to mongoose 🛢️  ✅',
  level: 'info',
  timestamp: '2023-11-15 04:15:41.678 PM'
}
{
  message: 'Server running in development mode on port 5001',
  level: 'info',
  timestamp: '2023-11-15 04:15:53.538 PM'
}
{
  message: 'Successfully Connected to mongoose 🛢️  ✅',
  level: 'info',
  timestamp: '2023-11-15 04:15:56.047 PM'
}
{
  message: 'Server running in development mode on port 5001',
  level: 'info',
  timestamp: '2023-11-15 04:16:02.640 PM'
}
{
  message: 'Successfully Connected to mongoose 🛢️  ✅',
  level: 'info',
  timestamp: '2023-11-15 04:16:04.842 PM'
}
{
  message: 'Server running in development mode on port 5001',
  level: 'info',
  timestamp: '2023-11-15 04:16:06.879 PM'
}
{
  message: 'Successfully Connected to mongoose 🛢️  ✅',
  level: 'info',
  timestamp: '2023-11-15 04:16:09.207 PM'
}
{
  message: 'Server running in development mode on port 5001',
  level: 'info',
  timestamp: '2023-11-15 04:16:16.465 PM'
}
{
  message: 'Server running in development mode on port 5001',
  level: 'info',
  timestamp: '2023-11-15 04:16:18.182 PM'
}
{
  message: 'Server running in development mode on port 5001',
  level: 'info',
  timestamp: '2023-11-15 04:16:21.095 PM'
}
{
  message: 'Server running in development mode on port 5001',
  level: 'info',
  timestamp: '2023-11-15 04:16:23.426 PM'
}
{
  message: 'Successfully Connected to mongoose 🛢️  ✅',
  level: 'info',
  timestamp: '2023-11-15 04:16:25.806 PM'
}
{
  message: 'Server running in development mode on port 5001',
  level: 'info',
  timestamp: '2023-11-15 04:16:28.688 PM'
}
{
  message: 'Successfully Connected to mongoose 🛢️  ✅',
  level: 'info',
  timestamp: '2023-11-15 04:16:30.948 PM'
}
{
  message: 'Server running in development mode on port 5001',
  level: 'info',
  timestamp: '2023-11-15 04:16:32.225 PM'
}
{
  message: 'Server running in development mode on port 5001',
  level: 'info',
  timestamp: '2023-11-15 04:16:35.223 PM'
}
{
  message: 'Server running in development mode on port 5001',
  level: 'info',
  timestamp: '2023-11-15 04:16:37.383 PM'
}
{
  message: 'Server running in development mode on port 5001',
  level: 'info',
  timestamp: '2023-11-15 04:16:41.037 PM'
}
{
  message: 'Server running in development mode on port 5001',
  level: 'info',
  timestamp: '2023-11-15 04:16:43.991 PM'
}
{
  message: 'Successfully Connected to mongoose 🛢️  ✅',
  level: 'info',
  timestamp: '2023-11-15 04:16:46.480 PM'
}
{
  message: 'Server running in development mode on port 5001',
  level: 'info',
  timestamp: '2023-11-15 04:16:59.693 PM'
}
{
  message: 'Successfully Connected to mongoose 🛢️  ✅',
  level: 'info',
  timestamp: '2023-11-15 04:17:02.262 PM'
}
{
  message: 'Server running in development mode on port 5001',
  level: 'info',
  timestamp: '2023-11-15 04:17:20.655 PM'
}
{
  message: 'Successfully Connected to mongoose 🛢️  ✅',
  level: 'info',
  timestamp: '2023-11-15 04:17:23.152 PM'
}
{
  message: 'Server running in development mode on port 5001',
  level: 'info',
  timestamp: '2023-11-15 04:17:38.578 PM'
}
{
  message: 'Server running in development mode on port 5001',
  level: 'info',
  timestamp: '2023-11-15 04:17:43.221 PM'
}
{
  message: 'Server running in development mode on port 5001',
  level: 'info',
  timestamp: '2023-11-15 04:17:48.549 PM'
}
{
  message: 'Server running in development mode on port 5001',
  level: 'info',
  timestamp: '2023-11-15 04:18:01.878 PM'
}
{
  message: 'Server running in development mode on port 5001',
  level: 'info',
  timestamp: '2023-11-15 04:18:06.899 PM'
}
{
  message: 'Server running in development mode on port 5001',
  level: 'info',
  timestamp: '2023-11-15 04:18:11.830 PM'
}
{
  message: 'Server running in development mode on port 5001',
  level: 'info',
  timestamp: '2023-11-15 04:18:44.100 PM'
}
{
  message: 'Server running in development mode on port 5001',
  level: 'info',
  timestamp: '2023-11-15 04:18:49.496 PM'
}
{
  message: 'Server running in development mode on port 5001',
  level: 'info',
  timestamp: '2023-11-15 04:18:53.277 PM'
}
{
  message: 'Server running in development mode on port 5001',
  level: 'info',
  timestamp: '2023-11-15 04:18:55.447 PM'
}
{
  message: 'Server running in development mode on port 5001',
  level: 'info',
  timestamp: '2023-11-15 04:19:01.170 PM'
}
{
  message: 'Server running in development mode on port 5001',
  level: 'info',
  timestamp: '2023-11-15 04:19:38.339 PM'
}
{
  message: 'Server running in development mode on port 5001',
  level: 'info',
  timestamp: '2023-11-15 04:19:45.169 PM'
}
{
  message: 'Server running in development mode on port 5001',
  level: 'info',
  timestamp: '2023-11-15 04:19:50.227 PM'
}
{
  message: 'Server running in development mode on port 5001',
  level: 'info',
  timestamp: '2023-11-15 04:19:59.353 PM'
}
{
  message: 'Server running in development mode on port 5001',
  level: 'info',
  timestamp: '2023-11-15 04:20:49.790 PM'
}
{
  message: 'Server running in development mode on port 5001',
  level: 'info',
  timestamp: '2023-11-15 04:20:54.094 PM'
}
{
  message: 'Server running in development mode on port 5001',
  level: 'info',
  timestamp: '2023-11-15 04:21:10.233 PM'
}
{
  message: 'Server running in development mode on port 5001',
  level: 'info',
  timestamp: '2023-11-15 04:22:47.462 PM'
}
{
  message: 'Server running in development mode on port 5001',
  level: 'info',
  timestamp: '2023-11-15 04:23:30.540 PM'
}
{
  message: 'Server running in development mode on port 5001',
  level: 'info',
  timestamp: '2023-11-15 04:23:39.382 PM'
}
{
  message: 'Server running in development mode on port 5001',
  level: 'info',
  timestamp: '2023-11-15 04:23:42.438 PM'
}
{
  message: 'Server running in development mode on port 5001',
  level: 'info',
  timestamp: '2023-11-15 04:23:57.393 PM'
}
{
  message: 'Server running in development mode on port 5001',
  level: 'info',
  timestamp: '2023-11-15 04:24:15.128 PM'
}
{
  message: 'Server running in development mode on port 5001',
  level: 'info',
  timestamp: '2023-11-15 04:27:31.711 PM'
}
{
  message: 'Server running in development mode on port 5001',
  level: 'info',
  timestamp: '2023-11-15 04:28:37.878 PM'
}
{
  message: 'Server running in development mode on port 5001',
  level: 'info',
  timestamp: '2023-11-15 04:29:30.678 PM'
}
{
  message: 'Server running in development mode on port 5001',
  level: 'info',
  timestamp: '2023-11-15 04:31:31.438 PM'
}
{
  message: 'Server running in development mode on port 5001',
  level: 'info',
  timestamp: '2023-11-15 04:31:35.356 PM'
}
{
  message: 'Server running in development mode on port 5001',
  level: 'info',
  timestamp: '2023-11-15 04:31:41.720 PM'
}
{
  message: 'Server running in development mode on port 5001',
  level: 'info',
  timestamp: '2023-11-15 04:32:48.566 PM'
}
{
  message: 'Server running in development mode on port 5001',
  level: 'info',
  timestamp: '2023-11-15 04:32:55.101 PM'
}
{
  message: 'Server running in development mode on port 5001',
  level: 'info',
  timestamp: '2023-11-15 04:32:57.396 PM'
}
{
  message: 'Server running in development mode on port 5001',
  level: 'info',
  timestamp: '2023-11-15 04:33:00.501 PM'
}
{
  message: 'Server running in development mode on port 5001',
  level: 'info',
  timestamp: '2023-11-15 04:33:03.776 PM'
}
{
  message: 'Server running in development mode on port 5001',
  level: 'info',
  timestamp: '2023-11-15 04:33:08.484 PM'
}
{
  message: 'Server running in development mode on port 5001',
  level: 'info',
  timestamp: '2023-11-15 04:33:20.031 PM'
}
{
  message: 'Server running in development mode on port 5001',
  level: 'info',
  timestamp: '2023-11-15 04:33:23.720 PM'
}
{
  message: 'Server running in development mode on port 5001',
  level: 'info',
  timestamp: '2023-11-15 04:33:28.639 PM'
}
{
  message: 'Server running in development mode on port 5001',
  level: 'info',
  timestamp: '2023-11-15 04:33:39.467 PM'
}
{
  message: 'Server running in development mode on port 5001',
  level: 'info',
  timestamp: '2023-11-15 04:33:44.659 PM'
}
{
  message: 'Server running in development mode on port 5001',
  level: 'info',
  timestamp: '2023-11-15 04:33:52.895 PM'
}
{
  message: 'Server running in development mode on port 5001',
  level: 'info',
  timestamp: '2023-11-15 04:33:56.172 PM'
}
{
  message: 'Server running in development mode on port 5001',
  level: 'info',
  timestamp: '2023-11-15 04:34:05.518 PM'
}
{
  message: 'Server running in development mode on port 5001',
  level: 'info',
  timestamp: '2023-11-15 04:34:23.758 PM'
}
{
  message: 'Successfully Connected to mongoose 🛢️  ✅',
  level: 'info',
  timestamp: '2023-11-15 04:34:26.338 PM'
}
{
  message: 'Server running in development mode on port 5001',
  level: 'info',
  timestamp: '2023-11-15 04:35:00.398 PM'
}
{
  message: 'Server running in development mode on port 5001',
  level: 'info',
  timestamp: '2023-11-15 04:36:26.336 PM'
}
{
  message: 'Server running in development mode on port 5001',
  level: 'info',
  timestamp: '2023-11-15 04:38:44.576 PM'
}
{
  message: 'Successfully Connected to mongoose 🛢️  ✅',
  level: 'info',
  timestamp: '2023-11-15 04:38:47.154 PM'
}
{
  message: 'Server running in development mode on port 5001',
  level: 'info',
  timestamp: '2023-11-15 04:40:35.487 PM'
}
{
  message: 'Successfully Connected to mongoose 🛢️  ✅',
  level: 'info',
  timestamp: '2023-11-15 04:40:37.969 PM'
}
{
  message: 'Server running in development mode on port 5001',
  level: 'info',
  timestamp: '2023-11-15 04:40:40.568 PM'
}
{
  message: 'Server running in development mode on port 5001',
  level: 'info',
  timestamp: '2023-11-15 04:40:46.581 PM'
}
{
  message: 'Successfully Connected to mongoose 🛢️  ✅',
  level: 'info',
  timestamp: '2023-11-15 04:40:48.952 PM'
}
{
  message: 'Server running in development mode on port 5001',
  level: 'info',
  timestamp: '2023-11-15 04:41:05.307 PM'
}
{
  message: 'Successfully Connected to mongoose 🛢️  ✅',
  level: 'info',
  timestamp: '2023-11-15 04:41:08.689 PM'
}
{
  message: 'Server running in development mode on port 5001',
  level: 'info',
  timestamp: '2023-11-15 05:02:45.099 PM'
}
{
  message: 'Successfully Connected to mongoose 🛢️  ✅',
  level: 'info',
  timestamp: '2023-11-15 05:02:47.378 PM'
}
{
  message: 'Server running in development mode on port 5001',
  level: 'info',
  timestamp: '2023-11-15 05:06:38.200 PM'
}
{
  message: 'Server running in development mode on port 5001',
  level: 'info',
  timestamp: '2023-11-15 05:11:28.667 PM'
}
{
  message: 'Successfully Connected to mongoose 🛢️  ✅',
  level: 'info',
  timestamp: '2023-11-15 05:11:30.944 PM'
}
{
  message: 'Failed to start the server due to an error: AggregateError',
  level: 'error',
  timestamp: '2023-11-15 05:16:47.324 PM'
}
{
  message: 'Failed to start the server due to an error: AggregateError',
  level: 'error',
  timestamp: '2023-11-15 05:18:09.282 PM'
}
{
  message: 'Failed to start the server due to an error: AggregateError',
  level: 'error',
  timestamp: '2023-11-15 05:21:26.952 PM'
}
{
  message: 'Failed to start the server due to an error: AggregateError',
  level: 'error',
  timestamp: '2023-11-15 05:21:52.566 PM'
}
{
  message: 'Failed to start the server due to an error: AggregateError',
  level: 'error',
  timestamp: '2023-11-15 05:23:12.761 PM'
}
{
  message: 'Failed to start the server due to an error: AggregateError',
  level: 'error',
  timestamp: '2023-11-15 05:23:27.422 PM'
}
{
  message: 'Server running in development mode on port 5001',
  level: 'info',
  timestamp: '2023-11-15 05:30:42.297 PM'
}
{
  message: 'Server running in development mode on port 5001',
  level: 'info',
  timestamp: '2023-11-15 05:30:42.328 PM'
}
{
  message: 'Successfully Connected to mongoose 🛢️  ✅',
  level: 'info',
  timestamp: '2023-11-15 05:30:44.600 PM'
}
{
  message: 'Server running in development mode on port 5001',
  level: 'info',
  timestamp: '2023-11-15 05:31:08.739 PM'
}
{
  message: 'Server running in development mode on port 5001',
  level: 'info',
  timestamp: '2023-11-15 05:31:08.751 PM'
}
{
  message: 'Successfully Connected to mongoose 🛢️  ✅',
  level: 'info',
  timestamp: '2023-11-15 05:31:11.148 PM'
}
{
  message: 'Server running in development mode on port 5001',
  level: 'info',
  timestamp: '2023-11-15 07:51:21.632 PM'
}
{
  message: 'Server running in development mode on port 5001',
  level: 'info',
  timestamp: '2023-11-15 07:51:21.650 PM'
}
{
  message: 'Server running in development mode on port 5001',
  level: 'info',
  timestamp: '2023-11-15 07:51:25.117 PM'
}
{
  message: 'Server running in development mode on port 5001',
  level: 'info',
  timestamp: '2023-11-15 07:51:25.128 PM'
}
{
  message: 'Server running in development mode on port 5001',
  level: 'info',
  timestamp: '2023-11-15 07:51:27.279 PM'
}
{
  message: 'Server running in development mode on port 5001',
  level: 'info',
  timestamp: '2023-11-15 07:51:27.291 PM'
}
{
  message: 'Successfully Connected to mongoose 🛢️  ✅',
  level: 'info',
  timestamp: '2023-11-15 07:51:29.612 PM'
}
{
  message: 'Server running in development mode on port 5001',
  level: 'info',
  timestamp: '2023-11-15 07:54:55.141 PM'
}
{
  message: 'Server running in development mode on port 5001',
  level: 'info',
  timestamp: '2023-11-15 07:54:55.152 PM'
}
{
  message: 'Successfully Connected to mongoose 🛢️  ✅',
  level: 'info',
  timestamp: '2023-11-15 07:54:57.538 PM'
}
{
  message: 'Server running in development mode on port 5001',
  level: 'info',
  timestamp: '2023-11-15 07:55:09.952 PM'
}
{
  message: 'Server running in development mode on port 5001',
  level: 'info',
  timestamp: '2023-11-15 07:55:09.963 PM'
}
{
  message: 'Server running in development mode on port 5001',
  level: 'info',
  timestamp: '2023-11-15 07:55:13.683 PM'
}
{
  message: 'Server running in development mode on port 5001',
  level: 'info',
  timestamp: '2023-11-15 07:55:13.694 PM'
}
{
  message: 'Server running in development mode on port 5001',
  level: 'info',
  timestamp: '2023-11-15 07:55:17.228 PM'
}
{
  message: 'Server running in development mode on port 5001',
  level: 'info',
  timestamp: '2023-11-15 07:55:17.238 PM'
}
{
  message: 'Successfully Connected to mongoose 🛢️  ✅',
  level: 'info',
  timestamp: '2023-11-15 07:55:19.664 PM'
}
{
  message: 'Server running in development mode on port 5001',
  level: 'info',
  timestamp: '2023-11-15 07:55:28.812 PM'
}
{
  message: 'Server running in development mode on port 5001',
  level: 'info',
  timestamp: '2023-11-15 07:55:28.822 PM'
}
{
  message: 'Successfully Connected to mongoose 🛢️  ✅',
  level: 'info',
  timestamp: '2023-11-15 07:55:31.194 PM'
}
{
  message: 'Server running in development mode on port 5001',
  level: 'info',
  timestamp: '2023-11-15 07:55:32.987 PM'
}
{
  message: 'Server running in development mode on port 5001',
  level: 'info',
  timestamp: '2023-11-15 07:55:33.001 PM'
}
{
  message: 'Successfully Connected to mongoose 🛢️  ✅',
  level: 'info',
  timestamp: '2023-11-15 07:55:35.478 PM'
}
{
  message: 'Server running in development mode on port 5001',
  level: 'info',
  timestamp: '2023-11-15 07:56:22.892 PM'
}
{
  message: 'Server running in development mode on port 5001',
  level: 'info',
  timestamp: '2023-11-15 07:56:22.902 PM'
}
{
  message: 'Successfully Connected to mongoose 🛢️  ✅',
  level: 'info',
  timestamp: '2023-11-15 07:56:25.174 PM'
}
{
  message: 'Server running in development mode on port 5001',
  level: 'info',
  timestamp: '2023-11-15 07:56:29.760 PM'
}
{
  message: 'Server running in development mode on port 5001',
  level: 'info',
  timestamp: '2023-11-15 07:56:29.770 PM'
}
{
  message: 'Successfully Connected to mongoose 🛢️  ✅',
  level: 'info',
  timestamp: '2023-11-15 07:56:32.363 PM'
}
