{
  message: 'userCache',
  level: 'info',
  timestamp: '2024-06-23 12:38:14.813 PM'
}
{
  message: 'redisConnection',
  level: 'info',
  timestamp: '2024-06-23 12:38:14.866 PM'
}
{
  message: 'userCache',
  level: 'info',
  timestamp: '2024-06-23 12:38:54.060 PM'
}
{
  message: 'redisConnection',
  level: 'info',
  timestamp: '2024-06-23 12:38:54.066 PM'
}
{
  message: 'userCache',
  level: 'info',
  timestamp: '2024-06-23 12:39:18.936 PM'
}
{
  message: 'redisConnection',
  level: 'info',
  timestamp: '2024-06-23 12:39:18.945 PM'
}
{
  message: 'PONG',
  level: 'info',
  timestamp: '2024-06-23 12:39:21.283 PM'
}
{
  message: 'userCache',
  level: 'info',
  timestamp: '2024-06-23 12:39:23.846 PM'
}
{
  message: 'redisConnection',
  level: 'info',
  timestamp: '2024-06-23 12:39:23.901 PM'
}
{
  message: 'userCache',
  level: 'info',
  timestamp: '2024-06-23 12:39:27.282 PM'
}
{
  message: 'redisConnection',
  level: 'info',
  timestamp: '2024-06-23 12:39:27.288 PM'
}
{
  message: 'PONG',
  level: 'info',
  timestamp: '2024-06-23 12:39:29.681 PM'
}
{
  message: 'userCache',
  level: 'info',
  timestamp: '2024-06-23 12:41:27.945 PM'
}
{
  message: 'redisConnection',
  level: 'info',
  timestamp: '2024-06-23 12:41:27.951 PM'
}
{
  message: 'userCache',
  level: 'info',
  timestamp: '2024-06-23 12:41:31.422 PM'
}
{
  message: 'redisConnection',
  level: 'info',
  timestamp: '2024-06-23 12:41:31.481 PM'
}
{
  message: 'userCache',
  level: 'info',
  timestamp: '2024-06-23 12:41:37.786 PM'
}
{
  message: 'redisConnection',
  level: 'info',
  timestamp: '2024-06-23 12:41:37.827 PM'
}
{
  message: 'userCache',
  level: 'info',
  timestamp: '2024-06-23 12:41:44.340 PM'
}
{
  message: 'redisConnection',
  level: 'info',
  timestamp: '2024-06-23 12:41:44.382 PM'
}
{
  message: 'userCache',
  level: 'info',
  timestamp: '2024-06-23 12:42:21.072 PM'
}
{
  message: 'redisConnection',
  level: 'info',
  timestamp: '2024-06-23 12:42:21.130 PM'
}
{
  message: 'userCache',
  level: 'info',
  timestamp: '2024-06-23 12:42:27.711 PM'
}
{
  message: 'redisConnection',
  level: 'info',
  timestamp: '2024-06-23 12:42:27.774 PM'
}
{
  message: 'userCache',
  level: 'info',
  timestamp: '2024-06-23 12:42:30.611 PM'
}
{
  message: 'redisConnection',
  level: 'info',
  timestamp: '2024-06-23 12:42:30.652 PM'
}
{
  message: 'userCache',
  level: 'info',
  timestamp: '2024-06-23 12:42:39.173 PM'
}
{
  message: 'redisConnection',
  level: 'info',
  timestamp: '2024-06-23 12:42:39.216 PM'
}
{
  message: 'userCache',
  level: 'info',
  timestamp: '2024-06-23 12:42:44.753 PM'
}
{
  message: 'redisConnection',
  level: 'info',
  timestamp: '2024-06-23 12:42:44.793 PM'
}
{
  message: 'userCache',
  level: 'info',
  timestamp: '2024-06-23 12:44:07.498 PM'
}
{
  message: 'redisConnection',
  level: 'info',
  timestamp: '2024-06-23 12:44:07.561 PM'
}
{
  message: 'userCache',
  level: 'info',
  timestamp: '2024-06-23 12:44:29.578 PM'
}
{
  message: 'redisConnection',
  level: 'info',
  timestamp: '2024-06-23 12:44:29.621 PM'
}
{
  message: 'userCache',
  level: 'info',
  timestamp: '2024-06-23 12:44:36.143 PM'
}
{
  message: 'redisConnection',
  level: 'info',
  timestamp: '2024-06-23 12:44:36.184 PM'
}
{
  message: 'userCache',
  level: 'info',
  timestamp: '2024-06-23 12:44:51.321 PM'
}
{
  message: 'redisConnection',
  level: 'info',
  timestamp: '2024-06-23 12:44:51.377 PM'
}
{
  message: 'userCache',
  level: 'info',
  timestamp: '2024-06-23 12:44:53.122 PM'
}
{
  message: 'redisConnection',
  level: 'info',
  timestamp: '2024-06-23 12:44:53.162 PM'
}
{
  message: 'userCache',
  level: 'info',
  timestamp: '2024-06-23 12:45:00.812 PM'
}
{
  message: 'redisConnection',
  level: 'info',
  timestamp: '2024-06-23 12:45:00.863 PM'
}
{
  message: 'userCache',
  level: 'info',
  timestamp: '2024-06-23 12:45:03.599 PM'
}
{
  message: 'redisConnection',
  level: 'info',
  timestamp: '2024-06-23 12:45:03.646 PM'
}
{
  message: 'userCache',
  level: 'info',
  timestamp: '2024-06-23 12:45:19.350 PM'
}
{
  message: 'redisConnection',
  level: 'info',
  timestamp: '2024-06-23 12:45:19.412 PM'
}
{
  message: 'userCache',
  level: 'info',
  timestamp: '2024-06-23 12:45:33.869 PM'
}
{
  message: 'redisConnection',
  level: 'info',
  timestamp: '2024-06-23 12:45:33.919 PM'
}
{
  message: 'userCache',
  level: 'info',
  timestamp: '2024-06-23 12:45:40.786 PM'
}
{
  message: 'userCache',
  level: 'info',
  timestamp: '2024-06-23 12:45:43.780 PM'
}
{
  message: 'userCache',
  level: 'info',
  timestamp: '2024-06-23 12:45:46.778 PM'
}
{
  message: 'userCache',
  level: 'info',
  timestamp: '2024-06-23 12:45:50.177 PM'
}
{
  message: 'redisConnection',
  level: 'info',
  timestamp: '2024-06-23 12:45:50.243 PM'
}
{
  message: 'userCache',
  level: 'info',
  timestamp: '2024-06-23 12:49:24.458 PM'
}
{
  message: 'redisConnection',
  level: 'info',
  timestamp: '2024-06-23 12:49:24.521 PM'
}
{
  message: 'userCache',
  level: 'info',
  timestamp: '2024-06-23 12:49:43.345 PM'
}
{
  message: 'redisConnection',
  level: 'info',
  timestamp: '2024-06-23 12:49:43.412 PM'
}
{
  message: 'Queue auth created',
  level: 'info',
  timestamp: '2024-06-23 12:51:44.692 PM'
}
{
  message: 'Queue auth created',
  level: 'info',
  timestamp: '2024-06-23 12:51:47.402 PM'
}
{
  message: 'userCache',
  level: 'info',
  timestamp: '2024-06-23 12:52:41.435 PM'
}
{
  message: 'redisConnection',
  level: 'info',
  timestamp: '2024-06-23 12:52:41.499 PM'
}
{
  message: 'userCache',
  level: 'info',
  timestamp: '2024-06-23 12:52:52.177 PM'
}
{
  message: 'redisConnection',
  level: 'info',
  timestamp: '2024-06-23 12:52:52.184 PM'
}
{
  message: 'PONG',
  level: 'info',
  timestamp: '2024-06-23 12:52:54.413 PM'
}
